<?xml version="1.0" encoding="UTF-8" ?>
<testsuite tests="4" failures="0" name="cucumber.Options.TestRunner" time="9.256" errors="0" skipped="0">
  <properties>
    <property name="java.runtime.name" value="Java(TM) SE Runtime Environment"/>
    <property name="java.vm.version" value="9+181"/>
    <property name="sun.boot.library.path" value="C:\Program Files\Java\jdk-9\bin"/>
    <property name="maven.multiModuleProjectDirectory" value="C:/Users/603762/Desktop/API/git-api-automation"/>
    <property name="java.vm.vendor" value="Oracle Corporation"/>
    <property name="java.vendor.url" value="http://java.oracle.com/"/>
    <property name="guice.disable.misplaced.annotation.check" value="true"/>
    <property name="path.separator" value=";"/>
    <property name="java.vm.name" value="Java HotSpot(TM) 64-Bit Server VM"/>
    <property name="file.encoding.pkg" value="sun.io"/>
    <property name="sun.os.patch.level" value=""/>
    <property name="user.script" value=""/>
    <property name="user.country" value="US"/>
    <property name="sun.java.launcher" value="SUN_STANDARD"/>
    <property name="java.vm.specification.name" value="Java Virtual Machine Specification"/>
    <property name="user.dir" value="C:\Users\603762\Desktop\API\git-api-automation"/>
    <property name="java.vm.compressedOopsMode" value="Zero based"/>
    <property name="java.runtime.version" value="9+181"/>
    <property name="java.awt.graphicsenv" value="sun.awt.Win32GraphicsEnvironment"/>
    <property name="os.arch" value="amd64"/>
    <property name="java.io.tmpdir" value="C:\Users\603762\AppData\Local\Temp\"/>
    <property name="line.separator" value="
"/>
    <property name="java.vm.specification.vendor" value="Oracle Corporation"/>
    <property name="user.variant" value=""/>
    <property name="os.name" value="Windows 10"/>
    <property name="classworlds.conf" value="C:/apache-maven-3.6.0/bin/m2.conf"/>
    <property name="sun.jnu.encoding" value="Cp1252"/>
    <property name="java.library.path" value="C:\Program Files\Java\jdk-9\bin;C:\windows\Sun\Java\bin;C:\windows\system32;C:\windows;C:\Users\603762\bin;C:\Users\603762\AppData\Local\Programs\Git\mingw64\bin;C:\Users\603762\AppData\Local\Programs\Git\usr\local\bin;C:\Users\603762\AppData\Local\Programs\Git\usr\bin;C:\Users\603762\AppData\Local\Programs\Git\usr\bin;C:\Users\603762\AppData\Local\Programs\Git\mingw64\bin;C:\Users\603762\AppData\Local\Programs\Git\usr\bin;C:\Users\603762\bin;C:\Program Files (x86)\Common Files\Oracle\Java\javapath;C:\ProgramData\Oracle\Java\javapath;C:\windows\system32;C:\windows;C:\windows\System32\Wbem;C:\windows\System32\WindowsPowerShell\v1.0;C:\Program Files\Java\jdk1.8.0_181\bin;C:\Users\603532\AppData\Local\Android\Sdk\tools;C:\Users\603532\AppData\Local\Android\Sdk\tools\bin;C:\Users\603532\AppData\Local\Android\Sdk\platform-tools;C:\Program Files\TortoiseSVN\bin;C:\apache-maven-3.6.0\bin;C:\Data\Tools\apache-maven-3.6.2\bin;C:\Program Files\Docker\Docker\resources\bin;C:\ProgramData\DockerDesktop\version-bin;C:\Program Files\Git\cmd;C:\Program Files\nodejs;C:\Program Files\nodejs\node_modules\npm\bin;C:\Users\604912\AppData\Roaming\npm;C:\Users\603762\AppData\Local\Microsoft\WindowsApps;C:\Users\603762\AppData\Local\Programs\Microsoft VS Code\bin;C:\Users\603762\AppData\Roaming\npm;C:\Users\603762\AppData\Roaming\npm\node_modules\selenium-standalone\.selenium\geckodriver\0.23.0-x64-geckodriverr\geckodriver.exe;C:\Users\603762\AppData\Local\Mozilla Firefox\firefox.exe;C:\Users\603762\AppData\Local\Programs\Git\usr\bin\vendor_perl;C:\Users\603762\AppData\Local\Programs\Git\usr\bin\core_perl;."/>
    <property name="maven.conf" value="C:/apache-maven-3.6.0/conf"/>
    <property name="jdk.debug" value="release"/>
    <property name="java.class.version" value="53.0"/>
    <property name="java.specification.name" value="Java Platform API Specification"/>
    <property name="sun.management.compiler" value="HotSpot 64-Bit Tiered Compilers"/>
    <property name="os.version" value="10.0"/>
    <property name="library.jansi.path" value="C:/apache-maven-3.6.0/lib/jansi-native"/>
    <property name="user.home" value="C:\Users\603762"/>
    <property name="user.timezone" value="America/Los_Angeles"/>
    <property name="java.awt.printerjob" value="sun.awt.windows.WPrinterJob"/>
    <property name="file.encoding" value="Cp1252"/>
    <property name="java.specification.version" value="9"/>
    <property name="user.name" value="603762"/>
    <property name="java.class.path" value="C:/apache-maven-3.6.0/boot/plexus-classworlds-2.5.2.jar"/>
    <property name="java.vm.specification.version" value="9"/>
    <property name="sun.arch.data.model" value="64"/>
    <property name="sun.java.command" value="org.codehaus.plexus.classworlds.launcher.Launcher test verify"/>
    <property name="java.home" value="C:\Program Files\Java\jdk-9"/>
    <property name="user.language" value="en"/>
    <property name="java.specification.vendor" value="Oracle Corporation"/>
    <property name="awt.toolkit" value="sun.awt.windows.WToolkit"/>
    <property name="java.vm.info" value="mixed mode"/>
    <property name="java.version" value="9"/>
    <property name="java.vendor" value="Oracle Corporation"/>
    <property name="sun.stderr.encoding" value="cp437"/>
    <property name="maven.home" value="C:\apache-maven-3.6.0"/>
    <property name="file.separator" value="\"/>
    <property name="java.vendor.url.bug" value="http://bugreport.java.com/bugreport/"/>
    <property name="sun.io.unicode.encoding" value="UnicodeLittle"/>
    <property name="sun.cpu.endian" value="little"/>
    <property name="sun.stdout.encoding" value="cp437"/>
    <property name="sun.desktop" value="windows"/>
    <property name="sun.cpu.isalist" value="amd64"/>
  </properties>
  <testcase classname="Validating various Jira Cloud functionalites" name="Verify if user is able to create a project" time="3.058"/>
  <testcase classname="Validating various Jira Cloud functionalites" name="Verify if user is able to create a task for a project" time="1.866"/>
  <testcase classname="Validating various Jira Cloud functionalites" name="Verify if user is able to post a comment for a task" time="2.207"/>
  <testcase classname="Validating various Jira Cloud functionalites" name="Verify if user is able to update a comment for a task" time="2.125"/>
</testsuite>